2021-10-14 00:23:37.107  INFO 10680 --- [restartedMain] com.example.demo.EmpApplication          : Starting EmpApplication using Java 16.0.2 on DESKTOP-99BK1H6 with PID 10680 (C:\Users\TheUA\Documents\workspace-spring-tool-h2\EmployeeJPA\target\classes started by TheUA in C:\Users\TheUA\Documents\workspace-spring-tool-h2\EmployeeJPA)
2021-10-14 00:23:37.121 DEBUG 10680 --- [restartedMain] com.example.demo.EmpApplication          : Running with Spring Boot v2.5.5, Spring v5.3.10
2021-10-14 00:23:37.122  INFO 10680 --- [restartedMain] com.example.demo.EmpApplication          : No active profile set, falling back to default profiles: default
2021-10-14 00:23:50.739  WARN 10680 --- [restartedMain] JpaBaseConfiguration$JpaWebConfiguration : spring.jpa.open-in-view is enabled by default. Therefore, database queries may be performed during view rendering. Explicitly configure spring.jpa.open-in-view to disable this warning
2021-10-14 00:23:50.996  WARN 10680 --- [restartedMain] ConfigServletWebServerApplicationContext : Exception encountered during context initialization - cancelling refresh attempt: org.springframework.beans.factory.BeanCreationException: Error creating bean with name 'handlerExceptionResolver' defined in class path resource [org/springframework/boot/autoconfigure/web/servlet/WebMvcAutoConfiguration$EnableWebMvcConfiguration.class]: Bean instantiation via factory method failed; nested exception is org.springframework.beans.BeanInstantiationException: Failed to instantiate [org.springframework.web.servlet.HandlerExceptionResolver]: Factory method 'handlerExceptionResolver' threw exception; nested exception is java.lang.IllegalStateException: Ambiguous @ExceptionHandler method mapped for [class org.springframework.web.bind.MethodArgumentNotValidException]: {public org.springframework.http.ResponseEntity com.example.demo.exceptions.EmployeeExceptionHandler.handlerMethodargumentNotValidException(org.springframework.web.bind.MethodArgumentNotValidException), public org.springframework.http.ResponseEntity com.example.demo.exceptions.EmployeeExceptionHandler.httpMessageNotReadableException(org.springframework.http.converter.HttpMessageNotReadableException)}
2021-10-14 00:23:51.047 ERROR 10680 --- [restartedMain] o.s.boot.SpringApplication               : Application run failed

org.springframework.beans.factory.BeanCreationException: Error creating bean with name 'handlerExceptionResolver' defined in class path resource [org/springframework/boot/autoconfigure/web/servlet/WebMvcAutoConfiguration$EnableWebMvcConfiguration.class]: Bean instantiation via factory method failed; nested exception is org.springframework.beans.BeanInstantiationException: Failed to instantiate [org.springframework.web.servlet.HandlerExceptionResolver]: Factory method 'handlerExceptionResolver' threw exception; nested exception is java.lang.IllegalStateException: Ambiguous @ExceptionHandler method mapped for [class org.springframework.web.bind.MethodArgumentNotValidException]: {public org.springframework.http.ResponseEntity com.example.demo.exceptions.EmployeeExceptionHandler.handlerMethodargumentNotValidException(org.springframework.web.bind.MethodArgumentNotValidException), public org.springframework.http.ResponseEntity com.example.demo.exceptions.EmployeeExceptionHandler.httpMessageNotReadableException(org.springframework.http.converter.HttpMessageNotReadableException)}
	at org.springframework.beans.factory.support.ConstructorResolver.instantiate(ConstructorResolver.java:658) ~[spring-beans-5.3.10.jar:5.3.10]
	at org.springframework.beans.factory.support.ConstructorResolver.instantiateUsingFactoryMethod(ConstructorResolver.java:638) ~[spring-beans-5.3.10.jar:5.3.10]
	at org.springframework.beans.factory.support.AbstractAutowireCapableBeanFactory.instantiateUsingFactoryMethod(AbstractAutowireCapableBeanFactory.java:1352) ~[spring-beans-5.3.10.jar:5.3.10]
	at org.springframework.beans.factory.support.AbstractAutowireCapableBeanFactory.createBeanInstance(AbstractAutowireCapableBeanFactory.java:1195) ~[spring-beans-5.3.10.jar:5.3.10]
	at org.springframework.beans.factory.support.AbstractAutowireCapableBeanFactory.doCreateBean(AbstractAutowireCapableBeanFactory.java:582) ~[spring-beans-5.3.10.jar:5.3.10]
	at org.springframework.beans.factory.support.AbstractAutowireCapableBeanFactory.createBean(AbstractAutowireCapableBeanFactory.java:542) ~[spring-beans-5.3.10.jar:5.3.10]
	at org.springframework.beans.factory.support.AbstractBeanFactory.lambda$doGetBean$0(AbstractBeanFactory.java:335) ~[spring-beans-5.3.10.jar:5.3.10]
	at org.springframework.beans.factory.support.DefaultSingletonBeanRegistry.getSingleton(DefaultSingletonBeanRegistry.java:234) ~[spring-beans-5.3.10.jar:5.3.10]
	at org.springframework.beans.factory.support.AbstractBeanFactory.doGetBean(AbstractBeanFactory.java:333) ~[spring-beans-5.3.10.jar:5.3.10]
	at org.springframework.beans.factory.support.AbstractBeanFactory.getBean(AbstractBeanFactory.java:208) ~[spring-beans-5.3.10.jar:5.3.10]
	at org.springframework.beans.factory.support.DefaultListableBeanFactory.preInstantiateSingletons(DefaultListableBeanFactory.java:944) ~[spring-beans-5.3.10.jar:5.3.10]
	at org.springframework.context.support.AbstractApplicationContext.finishBeanFactoryInitialization(AbstractApplicationContext.java:918) ~[spring-context-5.3.10.jar:5.3.10]
	at org.springframework.context.support.AbstractApplicationContext.refresh(AbstractApplicationContext.java:583) ~[spring-context-5.3.10.jar:5.3.10]
	at org.springframework.boot.web.servlet.context.ServletWebServerApplicationContext.refresh(ServletWebServerApplicationContext.java:145) ~[spring-boot-2.5.5.jar:2.5.5]
	at org.springframework.boot.SpringApplication.refresh(SpringApplication.java:754) ~[spring-boot-2.5.5.jar:2.5.5]
	at org.springframework.boot.SpringApplication.refreshContext(SpringApplication.java:434) ~[spring-boot-2.5.5.jar:2.5.5]
	at org.springframework.boot.SpringApplication.run(SpringApplication.java:338) ~[spring-boot-2.5.5.jar:2.5.5]
	at org.springframework.boot.SpringApplication.run(SpringApplication.java:1343) ~[spring-boot-2.5.5.jar:2.5.5]
	at org.springframework.boot.SpringApplication.run(SpringApplication.java:1332) ~[spring-boot-2.5.5.jar:2.5.5]
	at com.example.demo.EmpApplication.main(EmpApplication.java:16) ~[classes/:na]
	at java.base/jdk.internal.reflect.NativeMethodAccessorImpl.invoke0(Native Method) ~[na:na]
	at java.base/jdk.internal.reflect.NativeMethodAccessorImpl.invoke(NativeMethodAccessorImpl.java:78) ~[na:na]
	at java.base/jdk.internal.reflect.DelegatingMethodAccessorImpl.invoke(DelegatingMethodAccessorImpl.java:43) ~[na:na]
	at java.base/java.lang.reflect.Method.invoke(Method.java:567) ~[na:na]
	at org.springframework.boot.devtools.restart.RestartLauncher.run(RestartLauncher.java:49) ~[spring-boot-devtools-2.5.5.jar:2.5.5]
Caused by: org.springframework.beans.BeanInstantiationException: Failed to instantiate [org.springframework.web.servlet.HandlerExceptionResolver]: Factory method 'handlerExceptionResolver' threw exception; nested exception is java.lang.IllegalStateException: Ambiguous @ExceptionHandler method mapped for [class org.springframework.web.bind.MethodArgumentNotValidException]: {public org.springframework.http.ResponseEntity com.example.demo.exceptions.EmployeeExceptionHandler.handlerMethodargumentNotValidException(org.springframework.web.bind.MethodArgumentNotValidException), public org.springframework.http.ResponseEntity com.example.demo.exceptions.EmployeeExceptionHandler.httpMessageNotReadableException(org.springframework.http.converter.HttpMessageNotReadableException)}
	at org.springframework.beans.factory.support.SimpleInstantiationStrategy.instantiate(SimpleInstantiationStrategy.java:185) ~[spring-beans-5.3.10.jar:5.3.10]
	at org.springframework.beans.factory.support.ConstructorResolver.instantiate(ConstructorResolver.java:653) ~[spring-beans-5.3.10.jar:5.3.10]
	... 24 common frames omitted
Caused by: java.lang.IllegalStateException: Ambiguous @ExceptionHandler method mapped for [class org.springframework.web.bind.MethodArgumentNotValidException]: {public org.springframework.http.ResponseEntity com.example.demo.exceptions.EmployeeExceptionHandler.handlerMethodargumentNotValidException(org.springframework.web.bind.MethodArgumentNotValidException), public org.springframework.http.ResponseEntity com.example.demo.exceptions.EmployeeExceptionHandler.httpMessageNotReadableException(org.springframework.http.converter.HttpMessageNotReadableException)}
	at org.springframework.web.method.annotation.ExceptionHandlerMethodResolver.addExceptionMapping(ExceptionHandlerMethodResolver.java:114) ~[spring-web-5.3.10.jar:5.3.10]
	at org.springframework.web.method.annotation.ExceptionHandlerMethodResolver.<init>(ExceptionHandlerMethodResolver.java:78) ~[spring-web-5.3.10.jar:5.3.10]
	at org.springframework.web.servlet.mvc.method.annotation.ExceptionHandlerExceptionResolver.initExceptionHandlerAdviceCache(ExceptionHandlerExceptionResolver.java:291) ~[spring-webmvc-5.3.10.jar:5.3.10]
	at org.springframework.web.servlet.mvc.method.annotation.ExceptionHandlerExceptionResolver.afterPropertiesSet(ExceptionHandlerExceptionResolver.java:268) ~[spring-webmvc-5.3.10.jar:5.3.10]
	at org.springframework.web.servlet.config.annotation.WebMvcConfigurationSupport.addDefaultHandlerExceptionResolvers(WebMvcConfigurationSupport.java:1090) ~[spring-webmvc-5.3.10.jar:5.3.10]
	at org.springframework.web.servlet.config.annotation.WebMvcConfigurationSupport.handlerExceptionResolver(WebMvcConfigurationSupport.java:1032) ~[spring-webmvc-5.3.10.jar:5.3.10]
	at java.base/jdk.internal.reflect.NativeMethodAccessorImpl.invoke0(Native Method) ~[na:na]
	at java.base/jdk.internal.reflect.NativeMethodAccessorImpl.invoke(NativeMethodAccessorImpl.java:78) ~[na:na]
	at java.base/jdk.internal.reflect.DelegatingMethodAccessorImpl.invoke(DelegatingMethodAccessorImpl.java:43) ~[na:na]
	at java.base/java.lang.reflect.Method.invoke(Method.java:567) ~[na:na]
	at org.springframework.beans.factory.support.SimpleInstantiationStrategy.instantiate(SimpleInstantiationStrategy.java:154) ~[spring-beans-5.3.10.jar:5.3.10]
	... 25 common frames omitted

2021-10-14 00:25:06.808  INFO 1444 --- [restartedMain] com.example.demo.EmpApplication          : Starting EmpApplication using Java 16.0.2 on DESKTOP-99BK1H6 with PID 1444 (C:\Users\TheUA\Documents\workspace-spring-tool-h2\EmployeeJPA\target\classes started by TheUA in C:\Users\TheUA\Documents\workspace-spring-tool-h2\EmployeeJPA)
2021-10-14 00:25:06.812 DEBUG 1444 --- [restartedMain] com.example.demo.EmpApplication          : Running with Spring Boot v2.5.5, Spring v5.3.10
2021-10-14 00:25:06.813  INFO 1444 --- [restartedMain] com.example.demo.EmpApplication          : No active profile set, falling back to default profiles: default
2021-10-14 00:25:11.493  WARN 1444 --- [restartedMain] JpaBaseConfiguration$JpaWebConfiguration : spring.jpa.open-in-view is enabled by default. Therefore, database queries may be performed during view rendering. Explicitly configure spring.jpa.open-in-view to disable this warning
2021-10-14 00:25:11.759  WARN 1444 --- [restartedMain] ConfigServletWebServerApplicationContext : Exception encountered during context initialization - cancelling refresh attempt: org.springframework.beans.factory.BeanCreationException: Error creating bean with name 'handlerExceptionResolver' defined in class path resource [org/springframework/boot/autoconfigure/web/servlet/WebMvcAutoConfiguration$EnableWebMvcConfiguration.class]: Bean instantiation via factory method failed; nested exception is org.springframework.beans.BeanInstantiationException: Failed to instantiate [org.springframework.web.servlet.HandlerExceptionResolver]: Factory method 'handlerExceptionResolver' threw exception; nested exception is java.lang.IllegalStateException: Ambiguous @ExceptionHandler method mapped for [class org.springframework.web.bind.MethodArgumentNotValidException]: {public org.springframework.http.ResponseEntity com.example.demo.exceptions.EmployeeExceptionHandler.handlerMethodargumentNotValidException(org.springframework.web.bind.MethodArgumentNotValidException), public org.springframework.http.ResponseEntity com.example.demo.exceptions.EmployeeExceptionHandler.httpMessageNotReadableException(org.springframework.http.converter.HttpMessageNotReadableException)}
2021-10-14 00:25:11.813 ERROR 1444 --- [restartedMain] o.s.boot.SpringApplication               : Application run failed

org.springframework.beans.factory.BeanCreationException: Error creating bean with name 'handlerExceptionResolver' defined in class path resource [org/springframework/boot/autoconfigure/web/servlet/WebMvcAutoConfiguration$EnableWebMvcConfiguration.class]: Bean instantiation via factory method failed; nested exception is org.springframework.beans.BeanInstantiationException: Failed to instantiate [org.springframework.web.servlet.HandlerExceptionResolver]: Factory method 'handlerExceptionResolver' threw exception; nested exception is java.lang.IllegalStateException: Ambiguous @ExceptionHandler method mapped for [class org.springframework.web.bind.MethodArgumentNotValidException]: {public org.springframework.http.ResponseEntity com.example.demo.exceptions.EmployeeExceptionHandler.handlerMethodargumentNotValidException(org.springframework.web.bind.MethodArgumentNotValidException), public org.springframework.http.ResponseEntity com.example.demo.exceptions.EmployeeExceptionHandler.httpMessageNotReadableException(org.springframework.http.converter.HttpMessageNotReadableException)}
	at org.springframework.beans.factory.support.ConstructorResolver.instantiate(ConstructorResolver.java:658) ~[spring-beans-5.3.10.jar:5.3.10]
	at org.springframework.beans.factory.support.ConstructorResolver.instantiateUsingFactoryMethod(ConstructorResolver.java:638) ~[spring-beans-5.3.10.jar:5.3.10]
	at org.springframework.beans.factory.support.AbstractAutowireCapableBeanFactory.instantiateUsingFactoryMethod(AbstractAutowireCapableBeanFactory.java:1352) ~[spring-beans-5.3.10.jar:5.3.10]
	at org.springframework.beans.factory.support.AbstractAutowireCapableBeanFactory.createBeanInstance(AbstractAutowireCapableBeanFactory.java:1195) ~[spring-beans-5.3.10.jar:5.3.10]
	at org.springframework.beans.factory.support.AbstractAutowireCapableBeanFactory.doCreateBean(AbstractAutowireCapableBeanFactory.java:582) ~[spring-beans-5.3.10.jar:5.3.10]
	at org.springframework.beans.factory.support.AbstractAutowireCapableBeanFactory.createBean(AbstractAutowireCapableBeanFactory.java:542) ~[spring-beans-5.3.10.jar:5.3.10]
	at org.springframework.beans.factory.support.AbstractBeanFactory.lambda$doGetBean$0(AbstractBeanFactory.java:335) ~[spring-beans-5.3.10.jar:5.3.10]
	at org.springframework.beans.factory.support.DefaultSingletonBeanRegistry.getSingleton(DefaultSingletonBeanRegistry.java:234) ~[spring-beans-5.3.10.jar:5.3.10]
	at org.springframework.beans.factory.support.AbstractBeanFactory.doGetBean(AbstractBeanFactory.java:333) ~[spring-beans-5.3.10.jar:5.3.10]
	at org.springframework.beans.factory.support.AbstractBeanFactory.getBean(AbstractBeanFactory.java:208) ~[spring-beans-5.3.10.jar:5.3.10]
	at org.springframework.beans.factory.support.DefaultListableBeanFactory.preInstantiateSingletons(DefaultListableBeanFactory.java:944) ~[spring-beans-5.3.10.jar:5.3.10]
	at org.springframework.context.support.AbstractApplicationContext.finishBeanFactoryInitialization(AbstractApplicationContext.java:918) ~[spring-context-5.3.10.jar:5.3.10]
	at org.springframework.context.support.AbstractApplicationContext.refresh(AbstractApplicationContext.java:583) ~[spring-context-5.3.10.jar:5.3.10]
	at org.springframework.boot.web.servlet.context.ServletWebServerApplicationContext.refresh(ServletWebServerApplicationContext.java:145) ~[spring-boot-2.5.5.jar:2.5.5]
	at org.springframework.boot.SpringApplication.refresh(SpringApplication.java:754) ~[spring-boot-2.5.5.jar:2.5.5]
	at org.springframework.boot.SpringApplication.refreshContext(SpringApplication.java:434) ~[spring-boot-2.5.5.jar:2.5.5]
	at org.springframework.boot.SpringApplication.run(SpringApplication.java:338) ~[spring-boot-2.5.5.jar:2.5.5]
	at org.springframework.boot.SpringApplication.run(SpringApplication.java:1343) ~[spring-boot-2.5.5.jar:2.5.5]
	at org.springframework.boot.SpringApplication.run(SpringApplication.java:1332) ~[spring-boot-2.5.5.jar:2.5.5]
	at com.example.demo.EmpApplication.main(EmpApplication.java:16) ~[classes/:na]
	at java.base/jdk.internal.reflect.NativeMethodAccessorImpl.invoke0(Native Method) ~[na:na]
	at java.base/jdk.internal.reflect.NativeMethodAccessorImpl.invoke(NativeMethodAccessorImpl.java:78) ~[na:na]
	at java.base/jdk.internal.reflect.DelegatingMethodAccessorImpl.invoke(DelegatingMethodAccessorImpl.java:43) ~[na:na]
	at java.base/java.lang.reflect.Method.invoke(Method.java:567) ~[na:na]
	at org.springframework.boot.devtools.restart.RestartLauncher.run(RestartLauncher.java:49) ~[spring-boot-devtools-2.5.5.jar:2.5.5]
Caused by: org.springframework.beans.BeanInstantiationException: Failed to instantiate [org.springframework.web.servlet.HandlerExceptionResolver]: Factory method 'handlerExceptionResolver' threw exception; nested exception is java.lang.IllegalStateException: Ambiguous @ExceptionHandler method mapped for [class org.springframework.web.bind.MethodArgumentNotValidException]: {public org.springframework.http.ResponseEntity com.example.demo.exceptions.EmployeeExceptionHandler.handlerMethodargumentNotValidException(org.springframework.web.bind.MethodArgumentNotValidException), public org.springframework.http.ResponseEntity com.example.demo.exceptions.EmployeeExceptionHandler.httpMessageNotReadableException(org.springframework.http.converter.HttpMessageNotReadableException)}
	at org.springframework.beans.factory.support.SimpleInstantiationStrategy.instantiate(SimpleInstantiationStrategy.java:185) ~[spring-beans-5.3.10.jar:5.3.10]
	at org.springframework.beans.factory.support.ConstructorResolver.instantiate(ConstructorResolver.java:653) ~[spring-beans-5.3.10.jar:5.3.10]
	... 24 common frames omitted
Caused by: java.lang.IllegalStateException: Ambiguous @ExceptionHandler method mapped for [class org.springframework.web.bind.MethodArgumentNotValidException]: {public org.springframework.http.ResponseEntity com.example.demo.exceptions.EmployeeExceptionHandler.handlerMethodargumentNotValidException(org.springframework.web.bind.MethodArgumentNotValidException), public org.springframework.http.ResponseEntity com.example.demo.exceptions.EmployeeExceptionHandler.httpMessageNotReadableException(org.springframework.http.converter.HttpMessageNotReadableException)}
	at org.springframework.web.method.annotation.ExceptionHandlerMethodResolver.addExceptionMapping(ExceptionHandlerMethodResolver.java:114) ~[spring-web-5.3.10.jar:5.3.10]
	at org.springframework.web.method.annotation.ExceptionHandlerMethodResolver.<init>(ExceptionHandlerMethodResolver.java:78) ~[spring-web-5.3.10.jar:5.3.10]
	at org.springframework.web.servlet.mvc.method.annotation.ExceptionHandlerExceptionResolver.initExceptionHandlerAdviceCache(ExceptionHandlerExceptionResolver.java:291) ~[spring-webmvc-5.3.10.jar:5.3.10]
	at org.springframework.web.servlet.mvc.method.annotation.ExceptionHandlerExceptionResolver.afterPropertiesSet(ExceptionHandlerExceptionResolver.java:268) ~[spring-webmvc-5.3.10.jar:5.3.10]
	at org.springframework.web.servlet.config.annotation.WebMvcConfigurationSupport.addDefaultHandlerExceptionResolvers(WebMvcConfigurationSupport.java:1090) ~[spring-webmvc-5.3.10.jar:5.3.10]
	at org.springframework.web.servlet.config.annotation.WebMvcConfigurationSupport.handlerExceptionResolver(WebMvcConfigurationSupport.java:1032) ~[spring-webmvc-5.3.10.jar:5.3.10]
	at java.base/jdk.internal.reflect.NativeMethodAccessorImpl.invoke0(Native Method) ~[na:na]
	at java.base/jdk.internal.reflect.NativeMethodAccessorImpl.invoke(NativeMethodAccessorImpl.java:78) ~[na:na]
	at java.base/jdk.internal.reflect.DelegatingMethodAccessorImpl.invoke(DelegatingMethodAccessorImpl.java:43) ~[na:na]
	at java.base/java.lang.reflect.Method.invoke(Method.java:567) ~[na:na]
	at org.springframework.beans.factory.support.SimpleInstantiationStrategy.instantiate(SimpleInstantiationStrategy.java:154) ~[spring-beans-5.3.10.jar:5.3.10]
	... 25 common frames omitted

2021-10-14 00:30:06.042  INFO 2560 --- [restartedMain] com.example.demo.EmployeeApplication     : Starting EmployeeApplication using Java 16.0.2 on DESKTOP-99BK1H6 with PID 2560 (C:\Users\TheUA\Documents\workspace-spring-tool-h2\EmployeeJPA\target\classes started by TheUA in C:\Users\TheUA\Documents\workspace-spring-tool-h2\EmployeeJPA)
2021-10-14 00:30:06.046 DEBUG 2560 --- [restartedMain] com.example.demo.EmployeeApplication     : Running with Spring Boot v2.5.5, Spring v5.3.10
2021-10-14 00:30:06.047  INFO 2560 --- [restartedMain] com.example.demo.EmployeeApplication     : No active profile set, falling back to default profiles: default
2021-10-14 00:30:10.096  WARN 2560 --- [restartedMain] JpaBaseConfiguration$JpaWebConfiguration : spring.jpa.open-in-view is enabled by default. Therefore, database queries may be performed during view rendering. Explicitly configure spring.jpa.open-in-view to disable this warning
2021-10-14 00:30:10.371  WARN 2560 --- [restartedMain] ConfigServletWebServerApplicationContext : Exception encountered during context initialization - cancelling refresh attempt: org.springframework.beans.factory.BeanCreationException: Error creating bean with name 'handlerExceptionResolver' defined in class path resource [org/springframework/boot/autoconfigure/web/servlet/WebMvcAutoConfiguration$EnableWebMvcConfiguration.class]: Bean instantiation via factory method failed; nested exception is org.springframework.beans.BeanInstantiationException: Failed to instantiate [org.springframework.web.servlet.HandlerExceptionResolver]: Factory method 'handlerExceptionResolver' threw exception; nested exception is java.lang.IllegalStateException: Ambiguous @ExceptionHandler method mapped for [class org.springframework.web.bind.MethodArgumentNotValidException]: {public org.springframework.http.ResponseEntity com.example.demo.exceptions.EmployeeExceptionHandler.httpMessageNotReadableException(org.springframework.http.converter.HttpMessageNotReadableException), public org.springframework.http.ResponseEntity com.example.demo.exceptions.EmployeeExceptionHandler.handlerMethodargumentNotValidException(org.springframework.web.bind.MethodArgumentNotValidException)}
2021-10-14 00:30:10.419 ERROR 2560 --- [restartedMain] o.s.boot.SpringApplication               : Application run failed

org.springframework.beans.factory.BeanCreationException: Error creating bean with name 'handlerExceptionResolver' defined in class path resource [org/springframework/boot/autoconfigure/web/servlet/WebMvcAutoConfiguration$EnableWebMvcConfiguration.class]: Bean instantiation via factory method failed; nested exception is org.springframework.beans.BeanInstantiationException: Failed to instantiate [org.springframework.web.servlet.HandlerExceptionResolver]: Factory method 'handlerExceptionResolver' threw exception; nested exception is java.lang.IllegalStateException: Ambiguous @ExceptionHandler method mapped for [class org.springframework.web.bind.MethodArgumentNotValidException]: {public org.springframework.http.ResponseEntity com.example.demo.exceptions.EmployeeExceptionHandler.httpMessageNotReadableException(org.springframework.http.converter.HttpMessageNotReadableException), public org.springframework.http.ResponseEntity com.example.demo.exceptions.EmployeeExceptionHandler.handlerMethodargumentNotValidException(org.springframework.web.bind.MethodArgumentNotValidException)}
	at org.springframework.beans.factory.support.ConstructorResolver.instantiate(ConstructorResolver.java:658) ~[spring-beans-5.3.10.jar:5.3.10]
	at org.springframework.beans.factory.support.ConstructorResolver.instantiateUsingFactoryMethod(ConstructorResolver.java:638) ~[spring-beans-5.3.10.jar:5.3.10]
	at org.springframework.beans.factory.support.AbstractAutowireCapableBeanFactory.instantiateUsingFactoryMethod(AbstractAutowireCapableBeanFactory.java:1352) ~[spring-beans-5.3.10.jar:5.3.10]
	at org.springframework.beans.factory.support.AbstractAutowireCapableBeanFactory.createBeanInstance(AbstractAutowireCapableBeanFactory.java:1195) ~[spring-beans-5.3.10.jar:5.3.10]
	at org.springframework.beans.factory.support.AbstractAutowireCapableBeanFactory.doCreateBean(AbstractAutowireCapableBeanFactory.java:582) ~[spring-beans-5.3.10.jar:5.3.10]
	at org.springframework.beans.factory.support.AbstractAutowireCapableBeanFactory.createBean(AbstractAutowireCapableBeanFactory.java:542) ~[spring-beans-5.3.10.jar:5.3.10]
	at org.springframework.beans.factory.support.AbstractBeanFactory.lambda$doGetBean$0(AbstractBeanFactory.java:335) ~[spring-beans-5.3.10.jar:5.3.10]
	at org.springframework.beans.factory.support.DefaultSingletonBeanRegistry.getSingleton(DefaultSingletonBeanRegistry.java:234) ~[spring-beans-5.3.10.jar:5.3.10]
	at org.springframework.beans.factory.support.AbstractBeanFactory.doGetBean(AbstractBeanFactory.java:333) ~[spring-beans-5.3.10.jar:5.3.10]
	at org.springframework.beans.factory.support.AbstractBeanFactory.getBean(AbstractBeanFactory.java:208) ~[spring-beans-5.3.10.jar:5.3.10]
	at org.springframework.beans.factory.support.DefaultListableBeanFactory.preInstantiateSingletons(DefaultListableBeanFactory.java:944) ~[spring-beans-5.3.10.jar:5.3.10]
	at org.springframework.context.support.AbstractApplicationContext.finishBeanFactoryInitialization(AbstractApplicationContext.java:918) ~[spring-context-5.3.10.jar:5.3.10]
	at org.springframework.context.support.AbstractApplicationContext.refresh(AbstractApplicationContext.java:583) ~[spring-context-5.3.10.jar:5.3.10]
	at org.springframework.boot.web.servlet.context.ServletWebServerApplicationContext.refresh(ServletWebServerApplicationContext.java:145) ~[spring-boot-2.5.5.jar:2.5.5]
	at org.springframework.boot.SpringApplication.refresh(SpringApplication.java:754) ~[spring-boot-2.5.5.jar:2.5.5]
	at org.springframework.boot.SpringApplication.refreshContext(SpringApplication.java:434) ~[spring-boot-2.5.5.jar:2.5.5]
	at org.springframework.boot.SpringApplication.run(SpringApplication.java:338) ~[spring-boot-2.5.5.jar:2.5.5]
	at org.springframework.boot.SpringApplication.run(SpringApplication.java:1343) ~[spring-boot-2.5.5.jar:2.5.5]
	at org.springframework.boot.SpringApplication.run(SpringApplication.java:1332) ~[spring-boot-2.5.5.jar:2.5.5]
	at com.example.demo.EmployeeApplication.main(EmployeeApplication.java:16) ~[classes/:na]
	at java.base/jdk.internal.reflect.NativeMethodAccessorImpl.invoke0(Native Method) ~[na:na]
	at java.base/jdk.internal.reflect.NativeMethodAccessorImpl.invoke(NativeMethodAccessorImpl.java:78) ~[na:na]
	at java.base/jdk.internal.reflect.DelegatingMethodAccessorImpl.invoke(DelegatingMethodAccessorImpl.java:43) ~[na:na]
	at java.base/java.lang.reflect.Method.invoke(Method.java:567) ~[na:na]
	at org.springframework.boot.devtools.restart.RestartLauncher.run(RestartLauncher.java:49) ~[spring-boot-devtools-2.5.5.jar:2.5.5]
Caused by: org.springframework.beans.BeanInstantiationException: Failed to instantiate [org.springframework.web.servlet.HandlerExceptionResolver]: Factory method 'handlerExceptionResolver' threw exception; nested exception is java.lang.IllegalStateException: Ambiguous @ExceptionHandler method mapped for [class org.springframework.web.bind.MethodArgumentNotValidException]: {public org.springframework.http.ResponseEntity com.example.demo.exceptions.EmployeeExceptionHandler.httpMessageNotReadableException(org.springframework.http.converter.HttpMessageNotReadableException), public org.springframework.http.ResponseEntity com.example.demo.exceptions.EmployeeExceptionHandler.handlerMethodargumentNotValidException(org.springframework.web.bind.MethodArgumentNotValidException)}
	at org.springframework.beans.factory.support.SimpleInstantiationStrategy.instantiate(SimpleInstantiationStrategy.java:185) ~[spring-beans-5.3.10.jar:5.3.10]
	at org.springframework.beans.factory.support.ConstructorResolver.instantiate(ConstructorResolver.java:653) ~[spring-beans-5.3.10.jar:5.3.10]
	... 24 common frames omitted
Caused by: java.lang.IllegalStateException: Ambiguous @ExceptionHandler method mapped for [class org.springframework.web.bind.MethodArgumentNotValidException]: {public org.springframework.http.ResponseEntity com.example.demo.exceptions.EmployeeExceptionHandler.httpMessageNotReadableException(org.springframework.http.converter.HttpMessageNotReadableException), public org.springframework.http.ResponseEntity com.example.demo.exceptions.EmployeeExceptionHandler.handlerMethodargumentNotValidException(org.springframework.web.bind.MethodArgumentNotValidException)}
	at org.springframework.web.method.annotation.ExceptionHandlerMethodResolver.addExceptionMapping(ExceptionHandlerMethodResolver.java:114) ~[spring-web-5.3.10.jar:5.3.10]
	at org.springframework.web.method.annotation.ExceptionHandlerMethodResolver.<init>(ExceptionHandlerMethodResolver.java:78) ~[spring-web-5.3.10.jar:5.3.10]
	at org.springframework.web.servlet.mvc.method.annotation.ExceptionHandlerExceptionResolver.initExceptionHandlerAdviceCache(ExceptionHandlerExceptionResolver.java:291) ~[spring-webmvc-5.3.10.jar:5.3.10]
	at org.springframework.web.servlet.mvc.method.annotation.ExceptionHandlerExceptionResolver.afterPropertiesSet(ExceptionHandlerExceptionResolver.java:268) ~[spring-webmvc-5.3.10.jar:5.3.10]
	at org.springframework.web.servlet.config.annotation.WebMvcConfigurationSupport.addDefaultHandlerExceptionResolvers(WebMvcConfigurationSupport.java:1090) ~[spring-webmvc-5.3.10.jar:5.3.10]
	at org.springframework.web.servlet.config.annotation.WebMvcConfigurationSupport.handlerExceptionResolver(WebMvcConfigurationSupport.java:1032) ~[spring-webmvc-5.3.10.jar:5.3.10]
	at java.base/jdk.internal.reflect.NativeMethodAccessorImpl.invoke0(Native Method) ~[na:na]
	at java.base/jdk.internal.reflect.NativeMethodAccessorImpl.invoke(NativeMethodAccessorImpl.java:78) ~[na:na]
	at java.base/jdk.internal.reflect.DelegatingMethodAccessorImpl.invoke(DelegatingMethodAccessorImpl.java:43) ~[na:na]
	at java.base/java.lang.reflect.Method.invoke(Method.java:567) ~[na:na]
	at org.springframework.beans.factory.support.SimpleInstantiationStrategy.instantiate(SimpleInstantiationStrategy.java:154) ~[spring-beans-5.3.10.jar:5.3.10]
	... 25 common frames omitted

2021-10-14 00:32:49.896  INFO 4504 --- [restartedMain] com.example.demo.EmployeeApplication     : Starting EmployeeApplication using Java 16.0.2 on DESKTOP-99BK1H6 with PID 4504 (C:\Users\TheUA\Documents\workspace-spring-tool-h2\EmployeeJPA\target\classes started by TheUA in C:\Users\TheUA\Documents\workspace-spring-tool-h2\EmployeeJPA)
2021-10-14 00:32:49.900 DEBUG 4504 --- [restartedMain] com.example.demo.EmployeeApplication     : Running with Spring Boot v2.5.5, Spring v5.3.10
2021-10-14 00:32:49.900  INFO 4504 --- [restartedMain] com.example.demo.EmployeeApplication     : No active profile set, falling back to default profiles: default
2021-10-14 00:32:53.916  WARN 4504 --- [restartedMain] JpaBaseConfiguration$JpaWebConfiguration : spring.jpa.open-in-view is enabled by default. Therefore, database queries may be performed during view rendering. Explicitly configure spring.jpa.open-in-view to disable this warning
2021-10-14 00:32:54.357  INFO 4504 --- [restartedMain] com.example.demo.EmployeeApplication     : Started EmployeeApplication in 5.098 seconds (JVM running for 6.545)
2021-10-14 00:32:54.362  INFO 4504 --- [restartedMain] com.example.demo.EmployeeApplication     : Employee Application started! in COMMON Environment
